New log file opened at Mon Nov 16 16:46:10 GMT+08:00 2015 by 3056@karateboy-home
Taking next connection to: 51141
New client attempting to connect on port: 51142-51141
  Address = /169.254.201.113:51141
This client on port 51142 has uuid 2720dfaa-70d2-42f8-a615-012801d925a3 configName play-fork-run humanReadableName Play Fork Run protocolVersion 1 featureTags Vector()
Connected Clients: play-fork-run-2720dfaa-70d2-42f8-a615-012801d925a3
Taking next connection to: 51141
Checking to see if clients are empty...
We have 1 non-daemon clients, continuing serving connections.
Taking next connection to: 51141
Checking to see if clients are empty...
We have 1 non-daemon clients, continuing serving connections.
Taking next connection to: 51141
Checking to see if clients are empty...
We have 1 non-daemon clients, continuing serving connections.
Taking next connection to: 51141
Checking to see if clients are empty...
No non-daemon clients connected after 3 min. Shutting down.
Server socket thread exiting.
0 clients open, will close them...
All client sockets have been closed.
Closing the 3056@karateboy-home logs at Mon Nov 16 16:58:11 GMT+08:00 2015, goodbye.
